<?xml version="1.0" encoding="UTF-8"?>
<testsuite name="ru.stqa.pft.addressbook.tests.ContactEmailTest" tests="1" skipped="0" failures="0" errors="0" timestamp="2021-07-30T07:46:12" hostname="HPW" time="0.286">
  <properties/>
  <testcase name="testContactEmail" classname="ru.stqa.pft.addressbook.tests.ContactEmailTest" time="0.286"/>
  <system-out><![CDATA[10:46:11.045 [Test worker] INFO  r.s.pft.addressbook.tests.TestBase - Start test - testContactEmail with parameters []
10:46:13.196 [Test worker] INFO  r.s.pft.addressbook.tests.TestBase - Stop test - testContactEmail
]]></system-out>
  <system-err><![CDATA[]]></system-err>
</testsuite>
