<?xml version="1.0" encoding="UTF-8"?>
<testsuite name="ru.stqa.pft.addressbook.tests.ContactPhoneTest" tests="1" skipped="0" failures="0" errors="0" timestamp="2021-07-30T09:10:00" hostname="HPW" time="0.237">
  <properties/>
  <testcase name="testContactPhone" classname="ru.stqa.pft.addressbook.tests.ContactPhoneTest" time="0.237"/>
  <system-out><![CDATA[12:09:58.052 [Test worker] INFO  r.s.pft.addressbook.tests.TestBase - Start test - testContactPhone with parameters []
12:10:00.262 [Test worker] INFO  r.s.pft.addressbook.tests.TestBase - Stop test - testContactPhone
]]></system-out>
  <system-err><![CDATA[]]></system-err>
</testsuite>
