<?xml version="1.0" encoding="UTF-8"?>
<testsuite name="ru.stqa.pft.addressbook.tests.DbConnectionTest" tests="1" skipped="0" failures="0" errors="0" timestamp="2021-07-30T07:46:16" hostname="HPW" time="0.013">
  <properties/>
  <testcase name="testDbConnection" classname="ru.stqa.pft.addressbook.tests.DbConnectionTest" time="0.013"/>
  <system-out><![CDATA[[GroupData{id='158', name='edited group'}, GroupData{id='146', name='edited group'}, GroupData{id='153', name='group for test contacts'}, GroupData{id='154', name='group for test contacts'}, GroupData{id='149', name='group for test contacts'}, GroupData{id='150', name='group for test contacts'}, GroupData{id='151', name='edited group'}, GroupData{id='148', name='group for test contacts'}, GroupData{id='156', name='group for test contacts'}, GroupData{id='155', name='group for test contacts'}, GroupData{id='145', name='Group for adding contact2'}]
]]></system-out>
  <system-err><![CDATA[]]></system-err>
</testsuite>
