<?xml version="1.0" encoding="UTF-8"?>
<testsuite name="ru.stqa.pft.addressbook.tests.ContactAddressTest" tests="1" skipped="0" failures="0" errors="0" timestamp="2021-07-30T07:46:06" hostname="HPW" time="0.416">
  <properties/>
  <testcase name="testContactAddress" classname="ru.stqa.pft.addressbook.tests.ContactAddressTest" time="0.416"/>
  <system-out><![CDATA[10:46:04.713 [Test worker] INFO  r.s.pft.addressbook.tests.TestBase - Start test - testContactAddress with parameters []
10:46:07.129 [Test worker] INFO  r.s.pft.addressbook.tests.TestBase - Stop test - testContactAddress
]]></system-out>
  <system-err><![CDATA[]]></system-err>
</testsuite>
